Using pre-set license
Built from '2020.3/release' branch; Version is '2020.3.7f1 (dd97f2c94397) revision 14522354'; Using compiler version '192528614'; Build Type 'Release'
OS: 'Windows 10 Enterprise; OS build 19041.1415; Version 2004; 64bit' Language: 'en' Physical Memory: 32683 MB
BatchMode: 1, IsHumanControllingUs: 0, StartBugReporterOnCrash: 0, Is64bit: 1, IsPro: 0

 COMMAND LINE ARGUMENTS:
C:\Program Files\Unity\Editor\Unity.exe
-adb2
-batchMode
-noUpm
-name
AssetImportWorker0
-projectPath
C:/Users/jgoloub/Documents/JGolo_GAD170_1
-logFile
Logs/AssetImportWorker0.log
-srvPort
62428
Successfully changed project path to: C:/Users/jgoloub/Documents/JGolo_GAD170_1
C:/Users/jgoloub/Documents/JGolo_GAD170_1
Using Asset Import Pipeline V2.
Refreshing native plugins compatible for Editor in 25.30 ms, found 0 plugins.
Preloading 0 native plugins for Editor in 0.00 ms.
Initialize engine version: 2020.3.7f1 (dd97f2c94397)
[Subsystems] Discovering subsystems at path C:/Program Files/Unity/Editor/Data/Resources/UnitySubsystems
[Subsystems] Discovering subsystems at path C:/Users/jgoloub/Documents/JGolo_GAD170_1/Assets
GfxDevice: creating device client; threaded=0
Direct3D:
    Version:  Direct3D 11.0 [level 11.1]
    Renderer: NVIDIA GeForce GTX 980 (ID=0x13c0)
    Vendor:   
    VRAM:     4053 MB
    Driver:   27.21.14.5671
Initialize mono
Mono path[0] = 'C:/Program Files/Unity/Editor/Data/Managed'
Mono path[1] = 'C:/Program Files/Unity/Editor/Data/MonoBleedingEdge/lib/mono/unityjit'
Mono config path = 'C:/Program Files/Unity/Editor/Data/MonoBleedingEdge/etc'
Using monoOptions --debugger-agent=transport=dt_socket,embedding=1,server=y,suspend=n,address=127.0.0.1:56764
Begin MonoManager ReloadAssembly
Registering precompiled unity dll's ...
Register platform support module: C:/Program Files/Unity/Editor/Data/PlaybackEngines/WindowsStandaloneSupport/UnityEditor.WindowsStandalone.Extensions.dll
Registered in 0.002131 seconds.
Native extension for WindowsStandalone target not found
Refreshing native plugins compatible for Editor in 23.64 ms, found 0 plugins.
Preloading 0 native plugins for Editor in 0.00 ms.
Mono: successfully reloaded assembly
- Completed reload, in  1.204 seconds
Platform modules already initialized, skipping
Registering precompiled user dll's ...
Registered in 0.001416 seconds.
Begin MonoManager ReloadAssembly
Native extension for WindowsStandalone target not found
Refreshing native plugins compatible for Editor in 0.19 ms, found 0 plugins.
Preloading 0 native plugins for Editor in 0.00 ms.
Mono: successfully reloaded assembly
- Completed reload, in  0.777 seconds
Platform modules already initialized, skipping
========================================================================
Worker process is ready to serve import requests
Launched and connected shader compiler UnityShaderCompiler.exe after 0.07 seconds
Refreshing native plugins compatible for Editor in 0.32 ms, found 0 plugins.
Preloading 0 native plugins for Editor in 0.00 ms.
Unloading 1116 Unused Serialized files (Serialized files now loaded: 0)
System memory in use before: 57.0 MB.
System memory in use after: 57.1 MB.

Unloading 9 unused Assets to reduce memory usage. Loaded Objects now: 1559.
Total: 1.656800 ms (FindLiveObjects: 0.141400 ms CreateObjectMapping: 0.038300 ms MarkObjects: 1.407900 ms  DeleteObjects: 0.068200 ms)

========================================================================
Received Import Request.
  path: Assets
  artifactKey: Guid(00000000000000001000000000000000) Importer(815301076,1909f56bfc062723c751e8b465ee728b)
Start importing Assets using Guid(00000000000000001000000000000000) Importer(815301076,1909f56bfc062723c751e8b465ee728b)  -> (artifact id: '5f6a1853b736837ecfb0820a881449cb') in 0.005322 seconds
  Import took 0.007413 seconds .

========================================================================
Received Import Request.
  Time since last request: 18.800590 seconds.
  path: Assets
  artifactKey: Guid(00000000000000001000000000000000) Importer(815301076,1909f56bfc062723c751e8b465ee728b)
Start importing Assets using Guid(00000000000000001000000000000000) Importer(815301076,1909f56bfc062723c751e8b465ee728b)  -> (artifact id: '5f6a1853b736837ecfb0820a881449cb') in 0.002729 seconds
  Import took 0.004736 seconds .

========================================================================
Received Prepare
Registering precompiled user dll's ...
Registered in 0.002247 seconds.
Begin MonoManager ReloadAssembly
Native extension for WindowsStandalone target not found
Refreshing native plugins compatible for Editor in 0.23 ms, found 0 plugins.
Preloading 0 native plugins for Editor in 0.00 ms.
Mono: successfully reloaded assembly
- Completed reload, in  0.801 seconds
Platform modules already initialized, skipping
Refreshing native plugins compatible for Editor in 0.21 ms, found 0 plugins.
Preloading 0 native plugins for Editor in 0.00 ms.
Unloading 1110 Unused Serialized files (Serialized files now loaded: 0)
System memory in use before: 56.8 MB.
System memory in use after: 56.9 MB.

Unloading 4 unused Assets to reduce memory usage. Loaded Objects now: 1562.
Total: 1.556200 ms (FindLiveObjects: 0.171600 ms CreateObjectMapping: 0.041600 ms MarkObjects: 1.310800 ms  DeleteObjects: 0.030700 ms)

========================================================================
Received Import Request.
  Time since last request: 1309.174152 seconds.
  path: Assets/RacingScript.cs
  artifactKey: Guid(4548fcb4bb9e83d4d8efc16ad818953b) Importer(815301076,1909f56bfc062723c751e8b465ee728b)
Start importing Assets/RacingScript.cs using Guid(4548fcb4bb9e83d4d8efc16ad818953b) Importer(815301076,1909f56bfc062723c751e8b465ee728b)  -> (artifact id: '26903d695534dff567bdeef0708408b3') in 0.039461 seconds
  Import took 0.041835 seconds .

========================================================================
Received Prepare
Registering precompiled user dll's ...
Registered in 0.001397 seconds.
Begin MonoManager ReloadAssembly
Native extension for WindowsStandalone target not found
Refreshing native plugins compatible for Editor in 0.31 ms, found 0 plugins.
Preloading 0 native plugins for Editor in 0.00 ms.
Mono: successfully reloaded assembly
- Completed reload, in  0.968 seconds
Platform modules already initialized, skipping
Refreshing native plugins compatible for Editor in 0.23 ms, found 0 plugins.
Preloading 0 native plugins for Editor in 0.00 ms.
Unloading 1111 Unused Serialized files (Serialized files now loaded: 0)
System memory in use before: 56.9 MB.
System memory in use after: 57.0 MB.

Unloading 4 unused Assets to reduce memory usage. Loaded Objects now: 1566.
Total: 1.510600 ms (FindLiveObjects: 0.192500 ms CreateObjectMapping: 0.057400 ms MarkObjects: 1.245500 ms  DeleteObjects: 0.013900 ms)

========================================================================
Received Import Request.
  Time since last request: 416.448241 seconds.
  path: Assets/RacingScript.cs
  artifactKey: Guid(4548fcb4bb9e83d4d8efc16ad818953b) Importer(815301076,1909f56bfc062723c751e8b465ee728b)
Start importing Assets/RacingScript.cs using Guid(4548fcb4bb9e83d4d8efc16ad818953b) Importer(815301076,1909f56bfc062723c751e8b465ee728b)  -> (artifact id: '5723ae78c91830066c5f4e4779bb4bed') in 0.005923 seconds
  Import took 0.010200 seconds .

========================================================================
Received Import Request.
  Time since last request: 58.740892 seconds.
  path: Assets/RacingScript.cs
  artifactKey: Guid(4548fcb4bb9e83d4d8efc16ad818953b) Importer(815301076,1909f56bfc062723c751e8b465ee728b)
Start importing Assets/RacingScript.cs using Guid(4548fcb4bb9e83d4d8efc16ad818953b) Importer(815301076,1909f56bfc062723c751e8b465ee728b)  -> (artifact id: 'b25c43976679ee4581ca8b63c9963f6e') in 0.006288 seconds
  Import took 0.010767 seconds .

========================================================================
Received Prepare
Registering precompiled user dll's ...
Registered in 0.001294 seconds.
Begin MonoManager ReloadAssembly
Native extension for WindowsStandalone target not found
Refreshing native plugins compatible for Editor in 0.18 ms, found 0 plugins.
Preloading 0 native plugins for Editor in 0.00 ms.
Mono: successfully reloaded assembly
- Completed reload, in  0.759 seconds
Platform modules already initialized, skipping
Refreshing native plugins compatible for Editor in 0.23 ms, found 0 plugins.
Preloading 0 native plugins for Editor in 0.00 ms.
Unloading 1111 Unused Serialized files (Serialized files now loaded: 0)
System memory in use before: 56.9 MB.
System memory in use after: 57.0 MB.

Unloading 4 unused Assets to reduce memory usage. Loaded Objects now: 1569.
Total: 1.731300 ms (FindLiveObjects: 0.120200 ms CreateObjectMapping: 0.035800 ms MarkObjects: 1.562200 ms  DeleteObjects: 0.012500 ms)

========================================================================
Received Import Request.
  Time since last request: 282.779578 seconds.
  path: Assets/TestScript.cs
  artifactKey: Guid(880858cdbb0dbe14dba43ee950e557ae) Importer(815301076,1909f56bfc062723c751e8b465ee728b)
Start importing Assets/TestScript.cs using Guid(880858cdbb0dbe14dba43ee950e557ae) Importer(815301076,1909f56bfc062723c751e8b465ee728b)  -> (artifact id: '8092c990d753e6410a5804931f203a20') in 0.004682 seconds
  Import took 0.006895 seconds .

========================================================================
Received Import Request.
  Time since last request: 0.026016 seconds.
  path: Assets/TestScript.cs
  artifactKey: Guid(880858cdbb0dbe14dba43ee950e557ae) Importer(815301076,1909f56bfc062723c751e8b465ee728b)
Start importing Assets/TestScript.cs using Guid(880858cdbb0dbe14dba43ee950e557ae) Importer(815301076,1909f56bfc062723c751e8b465ee728b)  -> (artifact id: '8092c990d753e6410a5804931f203a20') in 0.002935 seconds
  Import took 0.005866 seconds .

========================================================================
Received Import Request.
  Time since last request: 55.919736 seconds.
  path: Assets/RacingScript.cs
  artifactKey: Guid(4548fcb4bb9e83d4d8efc16ad818953b) Importer(815301076,1909f56bfc062723c751e8b465ee728b)
Start importing Assets/RacingScript.cs using Guid(4548fcb4bb9e83d4d8efc16ad818953b) Importer(815301076,1909f56bfc062723c751e8b465ee728b)  -> (artifact id: '0e9b33dca8f96f0b199b86d39a7343af') in 0.002231 seconds
  Import took 0.004636 seconds .

========================================================================
Received Import Request.
  Time since last request: 136.100004 seconds.
  path: Assets/TestScript.cs
  artifactKey: Guid(880858cdbb0dbe14dba43ee950e557ae) Importer(815301076,1909f56bfc062723c751e8b465ee728b)
Start importing Assets/TestScript.cs using Guid(880858cdbb0dbe14dba43ee950e557ae) Importer(815301076,1909f56bfc062723c751e8b465ee728b)  -> (artifact id: '9254b545f31a72cefc9ef7ff8ebdc030') in 0.002775 seconds
  Import took 0.004981 seconds .

========================================================================
Received Prepare
Registering precompiled user dll's ...
Registered in 0.001238 seconds.
Begin MonoManager ReloadAssembly
Native extension for WindowsStandalone target not found
Refreshing native plugins compatible for Editor in 0.38 ms, found 0 plugins.
Preloading 0 native plugins for Editor in 0.00 ms.
Mono: successfully reloaded assembly
- Completed reload, in  0.792 seconds
Platform modules already initialized, skipping
Refreshing native plugins compatible for Editor in 0.25 ms, found 0 plugins.
Preloading 0 native plugins for Editor in 0.00 ms.
Unloading 1110 Unused Serialized files (Serialized files now loaded: 0)
System memory in use before: 56.9 MB.
System memory in use after: 57.0 MB.

Unloading 5 unused Assets to reduce memory usage. Loaded Objects now: 1571.
Total: 1.961400 ms (FindLiveObjects: 0.144400 ms CreateObjectMapping: 0.032100 ms MarkObjects: 1.746500 ms  DeleteObjects: 0.037600 ms)

========================================================================
Received Import Request.
  Time since last request: 28.043425 seconds.
  path: Assets/RacingScript.cs
  artifactKey: Guid(4548fcb4bb9e83d4d8efc16ad818953b) Importer(815301076,1909f56bfc062723c751e8b465ee728b)
Start importing Assets/RacingScript.cs using Guid(4548fcb4bb9e83d4d8efc16ad818953b) Importer(815301076,1909f56bfc062723c751e8b465ee728b)  -> (artifact id: '29894233377923e1bafe308cdf66c9bb') in 0.004970 seconds
  Import took 0.007164 seconds .

========================================================================
Received Prepare
Registering precompiled user dll's ...
Registered in 0.001234 seconds.
Begin MonoManager ReloadAssembly
Native extension for WindowsStandalone target not found
Refreshing native plugins compatible for Editor in 0.30 ms, found 0 plugins.
Preloading 0 native plugins for Editor in 0.00 ms.
Mono: successfully reloaded assembly
- Completed reload, in  0.818 seconds
Platform modules already initialized, skipping
Refreshing native plugins compatible for Editor in 0.20 ms, found 0 plugins.
Preloading 0 native plugins for Editor in 0.00 ms.
Unloading 1110 Unused Serialized files (Serialized files now loaded: 0)
System memory in use before: 56.9 MB.
System memory in use after: 57.0 MB.

Unloading 4 unused Assets to reduce memory usage. Loaded Objects now: 1574.
Total: 1.731300 ms (FindLiveObjects: 0.124700 ms CreateObjectMapping: 0.034900 ms MarkObjects: 1.558800 ms  DeleteObjects: 0.012100 ms)

========================================================================
Received Prepare
Registering precompiled user dll's ...
Registered in 0.001982 seconds.
Begin MonoManager ReloadAssembly
Native extension for WindowsStandalone target not found
Refreshing native plugins compatible for Editor in 0.19 ms, found 0 plugins.
Preloading 0 native plugins for Editor in 0.00 ms.
Mono: successfully reloaded assembly
- Completed reload, in  0.831 seconds
Platform modules already initialized, skipping
Refreshing native plugins compatible for Editor in 0.23 ms, found 0 plugins.
Preloading 0 native plugins for Editor in 0.00 ms.
Unloading 1110 Unused Serialized files (Serialized files now loaded: 0)
System memory in use before: 56.9 MB.
System memory in use after: 57.0 MB.

Unloading 4 unused Assets to reduce memory usage. Loaded Objects now: 1577.
Total: 1.706300 ms (FindLiveObjects: 0.130300 ms CreateObjectMapping: 0.031200 ms MarkObjects: 1.531900 ms  DeleteObjects: 0.012400 ms)

========================================================================
Received Import Request.
  Time since last request: 99.289392 seconds.
  path: Assets/RacingScript.cs
  artifactKey: Guid(4548fcb4bb9e83d4d8efc16ad818953b) Importer(815301076,1909f56bfc062723c751e8b465ee728b)
Start importing Assets/RacingScript.cs using Guid(4548fcb4bb9e83d4d8efc16ad818953b) Importer(815301076,1909f56bfc062723c751e8b465ee728b)  -> (artifact id: '87d0f9bb69838da2a5a0100199c83c81') in 0.004119 seconds
  Import took 0.005798 seconds .

========================================================================
Received Prepare
Registering precompiled user dll's ...
Registered in 0.001721 seconds.
Begin MonoManager ReloadAssembly
Native extension for WindowsStandalone target not found
Refreshing native plugins compatible for Editor in 0.22 ms, found 0 plugins.
Preloading 0 native plugins for Editor in 0.00 ms.
Mono: successfully reloaded assembly
- Completed reload, in  0.944 seconds
Platform modules already initialized, skipping
Refreshing native plugins compatible for Editor in 0.27 ms, found 0 plugins.
Preloading 0 native plugins for Editor in 0.00 ms.
Unloading 1110 Unused Serialized files (Serialized files now loaded: 0)
System memory in use before: 56.9 MB.
System memory in use after: 57.0 MB.

Unloading 4 unused Assets to reduce memory usage. Loaded Objects now: 1580.
Total: 1.723900 ms (FindLiveObjects: 0.133100 ms CreateObjectMapping: 0.032800 ms MarkObjects: 1.540200 ms  DeleteObjects: 0.016800 ms)

========================================================================
Received Prepare
Registering precompiled user dll's ...
Registered in 0.001797 seconds.
Begin MonoManager ReloadAssembly
Native extension for WindowsStandalone target not found
Refreshing native plugins compatible for Editor in 0.19 ms, found 0 plugins.
Preloading 0 native plugins for Editor in 0.00 ms.
Mono: successfully reloaded assembly
- Completed reload, in  0.780 seconds
Platform modules already initialized, skipping
Refreshing native plugins compatible for Editor in 0.31 ms, found 0 plugins.
Preloading 0 native plugins for Editor in 0.00 ms.
Unloading 1110 Unused Serialized files (Serialized files now loaded: 0)
System memory in use before: 56.9 MB.
System memory in use after: 57.0 MB.

Unloading 4 unused Assets to reduce memory usage. Loaded Objects now: 1583.
Total: 5.610500 ms (FindLiveObjects: 0.376200 ms CreateObjectMapping: 0.126400 ms MarkObjects: 5.058100 ms  DeleteObjects: 0.045300 ms)

========================================================================
Received Import Request.
  Time since last request: 296.530310 seconds.
  path: Assets/RacingScript.cs
  artifactKey: Guid(4548fcb4bb9e83d4d8efc16ad818953b) Importer(815301076,1909f56bfc062723c751e8b465ee728b)
Start importing Assets/RacingScript.cs using Guid(4548fcb4bb9e83d4d8efc16ad818953b) Importer(815301076,1909f56bfc062723c751e8b465ee728b)  -> (artifact id: '8ea1f91e6cc46a3741fee578f3e30250') in 0.015436 seconds
  Import took 0.022391 seconds .

========================================================================
Received Prepare
Registering precompiled user dll's ...
Registered in 0.002649 seconds.
Begin MonoManager ReloadAssembly
Native extension for WindowsStandalone target not found
Refreshing native plugins compatible for Editor in 0.19 ms, found 0 plugins.
Preloading 0 native plugins for Editor in 0.00 ms.
Mono: successfully reloaded assembly
- Completed reload, in  0.869 seconds
Platform modules already initialized, skipping
Refreshing native plugins compatible for Editor in 0.22 ms, found 0 plugins.
Preloading 0 native plugins for Editor in 0.00 ms.
Unloading 1110 Unused Serialized files (Serialized files now loaded: 0)
System memory in use before: 56.9 MB.
System memory in use after: 57.0 MB.

Unloading 4 unused Assets to reduce memory usage. Loaded Objects now: 1586.
Total: 1.752600 ms (FindLiveObjects: 0.136500 ms CreateObjectMapping: 0.035400 ms MarkObjects: 1.553100 ms  DeleteObjects: 0.026800 ms)

========================================================================
Received Import Request.
  Time since last request: 1700.109076 seconds.
  path: Assets/RacingScript.cs
  artifactKey: Guid(4548fcb4bb9e83d4d8efc16ad818953b) Importer(815301076,1909f56bfc062723c751e8b465ee728b)
Start importing Assets/RacingScript.cs using Guid(4548fcb4bb9e83d4d8efc16ad818953b) Importer(815301076,1909f56bfc062723c751e8b465ee728b)  -> (artifact id: 'd31fbca83b80fd6a5801b427a49243b8') in 0.005685 seconds
  Import took 0.008328 seconds .

========================================================================
Received Import Request.
  Time since last request: 0.027883 seconds.
  path: Assets/RacingScript.cs
  artifactKey: Guid(4548fcb4bb9e83d4d8efc16ad818953b) Importer(815301076,1909f56bfc062723c751e8b465ee728b)
Start importing Assets/RacingScript.cs using Guid(4548fcb4bb9e83d4d8efc16ad818953b) Importer(815301076,1909f56bfc062723c751e8b465ee728b)  -> (artifact id: 'd31fbca83b80fd6a5801b427a49243b8') in 0.003392 seconds
  Import took 0.005700 seconds .

========================================================================
Received Prepare
Registering precompiled user dll's ...
Registered in 0.001211 seconds.
Begin MonoManager ReloadAssembly
Native extension for WindowsStandalone target not found
Refreshing native plugins compatible for Editor in 0.22 ms, found 0 plugins.
Preloading 0 native plugins for Editor in 0.00 ms.
Mono: successfully reloaded assembly
- Completed reload, in  0.888 seconds
Platform modules already initialized, skipping
Refreshing native plugins compatible for Editor in 0.23 ms, found 0 plugins.
Preloading 0 native plugins for Editor in 0.00 ms.
Unloading 1110 Unused Serialized files (Serialized files now loaded: 0)
System memory in use before: 56.9 MB.
System memory in use after: 57.0 MB.

Unloading 4 unused Assets to reduce memory usage. Loaded Objects now: 1589.
Total: 1.615700 ms (FindLiveObjects: 0.125500 ms CreateObjectMapping: 0.031300 ms MarkObjects: 1.445400 ms  DeleteObjects: 0.012700 ms)

========================================================================
Received Import Request.
  Time since last request: 153.463782 seconds.
  path: Assets/XP_System.cs
  artifactKey: Guid(5b2e68564ed468f4c8bd02e2dd90a3c6) Importer(815301076,1909f56bfc062723c751e8b465ee728b)
Start importing Assets/XP_System.cs using Guid(5b2e68564ed468f4c8bd02e2dd90a3c6) Importer(815301076,1909f56bfc062723c751e8b465ee728b)  -> (artifact id: 'e284962db8427a91d7ff958059f4e3bb') in 0.006811 seconds
  Import took 0.009413 seconds .

========================================================================
Received Prepare
Registering precompiled user dll's ...
Registered in 0.001403 seconds.
Begin MonoManager ReloadAssembly
Native extension for WindowsStandalone target not found
Refreshing native plugins compatible for Editor in 0.19 ms, found 0 plugins.
Preloading 0 native plugins for Editor in 0.00 ms.
Mono: successfully reloaded assembly
- Completed reload, in  0.752 seconds
Platform modules already initialized, skipping
Refreshing native plugins compatible for Editor in 0.22 ms, found 0 plugins.
Preloading 0 native plugins for Editor in 0.00 ms.
Unloading 1111 Unused Serialized files (Serialized files now loaded: 0)
System memory in use before: 57.0 MB.
System memory in use after: 57.1 MB.

Unloading 4 unused Assets to reduce memory usage. Loaded Objects now: 1593.
Total: 1.631900 ms (FindLiveObjects: 0.116400 ms CreateObjectMapping: 0.032600 ms MarkObjects: 1.436600 ms  DeleteObjects: 0.045400 ms)

========================================================================
Received Prepare
Registering precompiled user dll's ...
Registered in 0.001829 seconds.
Begin MonoManager ReloadAssembly
Native extension for WindowsStandalone target not found
Refreshing native plugins compatible for Editor in 0.19 ms, found 0 plugins.
Preloading 0 native plugins for Editor in 0.00 ms.
Mono: successfully reloaded assembly
- Completed reload, in  0.755 seconds
Platform modules already initialized, skipping
Refreshing native plugins compatible for Editor in 0.24 ms, found 0 plugins.
Preloading 0 native plugins for Editor in 0.00 ms.
Unloading 1111 Unused Serialized files (Serialized files now loaded: 0)
System memory in use before: 57.0 MB.
System memory in use after: 57.1 MB.

Unloading 4 unused Assets to reduce memory usage. Loaded Objects now: 1596.
Total: 1.892700 ms (FindLiveObjects: 0.225000 ms CreateObjectMapping: 0.029200 ms MarkObjects: 1.624800 ms  DeleteObjects: 0.012500 ms)

========================================================================
Received Import Request.
  Time since last request: 924.123947 seconds.
  path: Assets/XP_System.cs
  artifactKey: Guid(5b2e68564ed468f4c8bd02e2dd90a3c6) Importer(815301076,1909f56bfc062723c751e8b465ee728b)
Start importing Assets/XP_System.cs using Guid(5b2e68564ed468f4c8bd02e2dd90a3c6) Importer(815301076,1909f56bfc062723c751e8b465ee728b)  -> (artifact id: 'ef712d62a18f823cbd63fc8520bf0af1') in 0.004129 seconds
  Import took 0.006029 seconds .

AssetImportWorkerClient::OnTransportError - code=2 error=End of file
